[2025-09-10 08:07:48] === Début des corrections de sécurité ===
[2025-09-10 08:07:48] Création de la sauvegarde...
[2025-09-10 08:07:48] Sauvegardé: config/config.php
[2025-09-10 08:07:48] Sauvegardé: php/utils/auth.php
[2025-09-10 08:07:48] Sauvegardé: public/admin/index.php
[2025-09-10 08:07:48] Correction de la configuration de sécurité...
[2025-09-10 08:07:49] ✅ Configuration sécurisée
[2025-09-10 08:07:49] Ajout de la protection CSRF...
[2025-09-10 08:07:56] ✅ Protection CSRF ajoutée à 17 fichiers
[2025-09-10 08:07:56] Amélioration de la sécurité des sessions...
[2025-09-10 08:07:57] ✅ Sécurité des sessions améliorée
[2025-09-10 08:07:57] Amélioration de la validation des uploads...
[2025-09-10 08:07:57] ✅ Validation sécurisée des uploads créée
[2025-09-10 08:07:57] Ajout des en-têtes de sécurité...
[2025-09-10 08:07:57] ✅ En-têtes de sécurité ajoutés
[2025-09-10 08:07:57] Création des répertoires de logs...
[2025-09-10 08:07:57] ✅ Répertoire créé et protégé: Z:\Site-Vitrine/logs/security
[2025-09-10 08:07:57] ✅ Répertoire créé et protégé: Z:\Site-Vitrine/logs/access
[2025-09-10 08:07:57] ✅ Répertoire créé et protégé: Z:\Site-Vitrine/logs/errors
[2025-09-10 08:07:57] ✅ Toutes les corrections ont été appliquées avec succès
